  Main.cpp
C:\Users\Lenovo\Desktop\polsl\sem_5\JA\Odbicie_1_wersja\JAAsm\Main.cpp(57,18): warning C4566: znak przedstawiony przez nazwę zawierającą znaki uniwersalne "\u017C" nie może być przedstawiony w bieżącej stronie kodowej (1251)
C:\Users\Lenovo\Desktop\polsl\sem_5\JA\Odbicie_1_wersja\JAAsm\Main.cpp(140,79): warning C4244: "argument": konwersja z "T" do "T", możliwa utrata danych
C:\Users\Lenovo\Desktop\polsl\sem_5\JA\Odbicie_1_wersja\JAAsm\Main.cpp(140,79): warning C4244:         with
C:\Users\Lenovo\Desktop\polsl\sem_5\JA\Odbicie_1_wersja\JAAsm\Main.cpp(140,79): warning C4244:         [
C:\Users\Lenovo\Desktop\polsl\sem_5\JA\Odbicie_1_wersja\JAAsm\Main.cpp(140,79): warning C4244:             T=int
C:\Users\Lenovo\Desktop\polsl\sem_5\JA\Odbicie_1_wersja\JAAsm\Main.cpp(140,79): warning C4244:         ]
C:\Users\Lenovo\Desktop\polsl\sem_5\JA\Odbicie_1_wersja\JAAsm\Main.cpp(140,79): warning C4244:         and
C:\Users\Lenovo\Desktop\polsl\sem_5\JA\Odbicie_1_wersja\JAAsm\Main.cpp(140,79): warning C4244:         [
C:\Users\Lenovo\Desktop\polsl\sem_5\JA\Odbicie_1_wersja\JAAsm\Main.cpp(140,79): warning C4244:             T=float
C:\Users\Lenovo\Desktop\polsl\sem_5\JA\Odbicie_1_wersja\JAAsm\Main.cpp(140,79): warning C4244:         ]
C:\Users\Lenovo\Desktop\polsl\sem_5\JA\Odbicie_1_wersja\JAAsm\Main.cpp(140,67): warning C4244: "argument": konwersja z "T" do "T", możliwa utrata danych
C:\Users\Lenovo\Desktop\polsl\sem_5\JA\Odbicie_1_wersja\JAAsm\Main.cpp(140,67): warning C4244:         with
C:\Users\Lenovo\Desktop\polsl\sem_5\JA\Odbicie_1_wersja\JAAsm\Main.cpp(140,67): warning C4244:         [
C:\Users\Lenovo\Desktop\polsl\sem_5\JA\Odbicie_1_wersja\JAAsm\Main.cpp(140,67): warning C4244:             T=int
C:\Users\Lenovo\Desktop\polsl\sem_5\JA\Odbicie_1_wersja\JAAsm\Main.cpp(140,67): warning C4244:         ]
C:\Users\Lenovo\Desktop\polsl\sem_5\JA\Odbicie_1_wersja\JAAsm\Main.cpp(140,67): warning C4244:         and
C:\Users\Lenovo\Desktop\polsl\sem_5\JA\Odbicie_1_wersja\JAAsm\Main.cpp(140,67): warning C4244:         [
C:\Users\Lenovo\Desktop\polsl\sem_5\JA\Odbicie_1_wersja\JAAsm\Main.cpp(140,67): warning C4244:             T=float
C:\Users\Lenovo\Desktop\polsl\sem_5\JA\Odbicie_1_wersja\JAAsm\Main.cpp(140,67): warning C4244:         ]
C:\Users\Lenovo\Desktop\polsl\sem_5\JA\Odbicie_1_wersja\JAAsm\Main.cpp(146,86): warning C4244: "argument": konwersja z "T" do "T", możliwa utrata danych
C:\Users\Lenovo\Desktop\polsl\sem_5\JA\Odbicie_1_wersja\JAAsm\Main.cpp(146,86): warning C4244:         with
C:\Users\Lenovo\Desktop\polsl\sem_5\JA\Odbicie_1_wersja\JAAsm\Main.cpp(146,86): warning C4244:         [
C:\Users\Lenovo\Desktop\polsl\sem_5\JA\Odbicie_1_wersja\JAAsm\Main.cpp(146,86): warning C4244:             T=int
C:\Users\Lenovo\Desktop\polsl\sem_5\JA\Odbicie_1_wersja\JAAsm\Main.cpp(146,86): warning C4244:         ]
C:\Users\Lenovo\Desktop\polsl\sem_5\JA\Odbicie_1_wersja\JAAsm\Main.cpp(146,86): warning C4244:         and
C:\Users\Lenovo\Desktop\polsl\sem_5\JA\Odbicie_1_wersja\JAAsm\Main.cpp(146,86): warning C4244:         [
C:\Users\Lenovo\Desktop\polsl\sem_5\JA\Odbicie_1_wersja\JAAsm\Main.cpp(146,86): warning C4244:             T=float
C:\Users\Lenovo\Desktop\polsl\sem_5\JA\Odbicie_1_wersja\JAAsm\Main.cpp(146,86): warning C4244:         ]
C:\Users\Lenovo\Desktop\polsl\sem_5\JA\Odbicie_1_wersja\JAAsm\Main.cpp(146,74): warning C4244: "argument": konwersja z "T" do "T", możliwa utrata danych
C:\Users\Lenovo\Desktop\polsl\sem_5\JA\Odbicie_1_wersja\JAAsm\Main.cpp(146,74): warning C4244:         with
C:\Users\Lenovo\Desktop\polsl\sem_5\JA\Odbicie_1_wersja\JAAsm\Main.cpp(146,74): warning C4244:         [
C:\Users\Lenovo\Desktop\polsl\sem_5\JA\Odbicie_1_wersja\JAAsm\Main.cpp(146,74): warning C4244:             T=int
C:\Users\Lenovo\Desktop\polsl\sem_5\JA\Odbicie_1_wersja\JAAsm\Main.cpp(146,74): warning C4244:         ]
C:\Users\Lenovo\Desktop\polsl\sem_5\JA\Odbicie_1_wersja\JAAsm\Main.cpp(146,74): warning C4244:         and
C:\Users\Lenovo\Desktop\polsl\sem_5\JA\Odbicie_1_wersja\JAAsm\Main.cpp(146,74): warning C4244:         [
C:\Users\Lenovo\Desktop\polsl\sem_5\JA\Odbicie_1_wersja\JAAsm\Main.cpp(146,74): warning C4244:             T=float
C:\Users\Lenovo\Desktop\polsl\sem_5\JA\Odbicie_1_wersja\JAAsm\Main.cpp(146,74): warning C4244:         ]
C:\Users\Lenovo\Desktop\polsl\sem_5\JA\Odbicie_1_wersja\JAAsm\Main.cpp(152,86): warning C4244: "argument": konwersja z "T" do "T", możliwa utrata danych
C:\Users\Lenovo\Desktop\polsl\sem_5\JA\Odbicie_1_wersja\JAAsm\Main.cpp(152,86): warning C4244:         with
C:\Users\Lenovo\Desktop\polsl\sem_5\JA\Odbicie_1_wersja\JAAsm\Main.cpp(152,86): warning C4244:         [
C:\Users\Lenovo\Desktop\polsl\sem_5\JA\Odbicie_1_wersja\JAAsm\Main.cpp(152,86): warning C4244:             T=int
C:\Users\Lenovo\Desktop\polsl\sem_5\JA\Odbicie_1_wersja\JAAsm\Main.cpp(152,86): warning C4244:         ]
C:\Users\Lenovo\Desktop\polsl\sem_5\JA\Odbicie_1_wersja\JAAsm\Main.cpp(152,86): warning C4244:         and
C:\Users\Lenovo\Desktop\polsl\sem_5\JA\Odbicie_1_wersja\JAAsm\Main.cpp(152,86): warning C4244:         [
C:\Users\Lenovo\Desktop\polsl\sem_5\JA\Odbicie_1_wersja\JAAsm\Main.cpp(152,86): warning C4244:             T=float
C:\Users\Lenovo\Desktop\polsl\sem_5\JA\Odbicie_1_wersja\JAAsm\Main.cpp(152,86): warning C4244:         ]
C:\Users\Lenovo\Desktop\polsl\sem_5\JA\Odbicie_1_wersja\JAAsm\Main.cpp(152,74): warning C4244: "argument": konwersja z "T" do "T", możliwa utrata danych
C:\Users\Lenovo\Desktop\polsl\sem_5\JA\Odbicie_1_wersja\JAAsm\Main.cpp(152,74): warning C4244:         with
C:\Users\Lenovo\Desktop\polsl\sem_5\JA\Odbicie_1_wersja\JAAsm\Main.cpp(152,74): warning C4244:         [
C:\Users\Lenovo\Desktop\polsl\sem_5\JA\Odbicie_1_wersja\JAAsm\Main.cpp(152,74): warning C4244:             T=int
C:\Users\Lenovo\Desktop\polsl\sem_5\JA\Odbicie_1_wersja\JAAsm\Main.cpp(152,74): warning C4244:         ]
C:\Users\Lenovo\Desktop\polsl\sem_5\JA\Odbicie_1_wersja\JAAsm\Main.cpp(152,74): warning C4244:         and
C:\Users\Lenovo\Desktop\polsl\sem_5\JA\Odbicie_1_wersja\JAAsm\Main.cpp(152,74): warning C4244:         [
C:\Users\Lenovo\Desktop\polsl\sem_5\JA\Odbicie_1_wersja\JAAsm\Main.cpp(152,74): warning C4244:             T=float
C:\Users\Lenovo\Desktop\polsl\sem_5\JA\Odbicie_1_wersja\JAAsm\Main.cpp(152,74): warning C4244:         ]
C:\Users\Lenovo\Desktop\polsl\sem_5\JA\Odbicie_1_wersja\JAAsm\Main.cpp(158,81): warning C4244: "argument": konwersja z "T" do "T", możliwa utrata danych
C:\Users\Lenovo\Desktop\polsl\sem_5\JA\Odbicie_1_wersja\JAAsm\Main.cpp(158,81): warning C4244:         with
C:\Users\Lenovo\Desktop\polsl\sem_5\JA\Odbicie_1_wersja\JAAsm\Main.cpp(158,81): warning C4244:         [
C:\Users\Lenovo\Desktop\polsl\sem_5\JA\Odbicie_1_wersja\JAAsm\Main.cpp(158,81): warning C4244:             T=int
C:\Users\Lenovo\Desktop\polsl\sem_5\JA\Odbicie_1_wersja\JAAsm\Main.cpp(158,81): warning C4244:         ]
C:\Users\Lenovo\Desktop\polsl\sem_5\JA\Odbicie_1_wersja\JAAsm\Main.cpp(158,81): warning C4244:         and
C:\Users\Lenovo\Desktop\polsl\sem_5\JA\Odbicie_1_wersja\JAAsm\Main.cpp(158,81): warning C4244:         [
C:\Users\Lenovo\Desktop\polsl\sem_5\JA\Odbicie_1_wersja\JAAsm\Main.cpp(158,81): warning C4244:             T=float
C:\Users\Lenovo\Desktop\polsl\sem_5\JA\Odbicie_1_wersja\JAAsm\Main.cpp(158,81): warning C4244:         ]
C:\Users\Lenovo\Desktop\polsl\sem_5\JA\Odbicie_1_wersja\JAAsm\Main.cpp(158,69): warning C4244: "argument": konwersja z "T" do "T", możliwa utrata danych
C:\Users\Lenovo\Desktop\polsl\sem_5\JA\Odbicie_1_wersja\JAAsm\Main.cpp(158,69): warning C4244:         with
C:\Users\Lenovo\Desktop\polsl\sem_5\JA\Odbicie_1_wersja\JAAsm\Main.cpp(158,69): warning C4244:         [
C:\Users\Lenovo\Desktop\polsl\sem_5\JA\Odbicie_1_wersja\JAAsm\Main.cpp(158,69): warning C4244:             T=int
C:\Users\Lenovo\Desktop\polsl\sem_5\JA\Odbicie_1_wersja\JAAsm\Main.cpp(158,69): warning C4244:         ]
C:\Users\Lenovo\Desktop\polsl\sem_5\JA\Odbicie_1_wersja\JAAsm\Main.cpp(158,69): warning C4244:         and
C:\Users\Lenovo\Desktop\polsl\sem_5\JA\Odbicie_1_wersja\JAAsm\Main.cpp(158,69): warning C4244:         [
C:\Users\Lenovo\Desktop\polsl\sem_5\JA\Odbicie_1_wersja\JAAsm\Main.cpp(158,69): warning C4244:             T=float
C:\Users\Lenovo\Desktop\polsl\sem_5\JA\Odbicie_1_wersja\JAAsm\Main.cpp(158,69): warning C4244:         ]
C:\Users\Lenovo\Desktop\polsl\sem_5\JA\Odbicie_1_wersja\JAAsm\Main.cpp(164,78): warning C4244: "argument": konwersja z "T" do "T", możliwa utrata danych
C:\Users\Lenovo\Desktop\polsl\sem_5\JA\Odbicie_1_wersja\JAAsm\Main.cpp(164,78): warning C4244:         with
C:\Users\Lenovo\Desktop\polsl\sem_5\JA\Odbicie_1_wersja\JAAsm\Main.cpp(164,78): warning C4244:         [
C:\Users\Lenovo\Desktop\polsl\sem_5\JA\Odbicie_1_wersja\JAAsm\Main.cpp(164,78): warning C4244:             T=int
C:\Users\Lenovo\Desktop\polsl\sem_5\JA\Odbicie_1_wersja\JAAsm\Main.cpp(164,78): warning C4244:         ]
C:\Users\Lenovo\Desktop\polsl\sem_5\JA\Odbicie_1_wersja\JAAsm\Main.cpp(164,78): warning C4244:         and
C:\Users\Lenovo\Desktop\polsl\sem_5\JA\Odbicie_1_wersja\JAAsm\Main.cpp(164,78): warning C4244:         [
C:\Users\Lenovo\Desktop\polsl\sem_5\JA\Odbicie_1_wersja\JAAsm\Main.cpp(164,78): warning C4244:             T=float
C:\Users\Lenovo\Desktop\polsl\sem_5\JA\Odbicie_1_wersja\JAAsm\Main.cpp(164,78): warning C4244:         ]
C:\Users\Lenovo\Desktop\polsl\sem_5\JA\Odbicie_1_wersja\JAAsm\Main.cpp(164,66): warning C4244: "argument": konwersja z "T" do "T", możliwa utrata danych
C:\Users\Lenovo\Desktop\polsl\sem_5\JA\Odbicie_1_wersja\JAAsm\Main.cpp(164,66): warning C4244:         with
C:\Users\Lenovo\Desktop\polsl\sem_5\JA\Odbicie_1_wersja\JAAsm\Main.cpp(164,66): warning C4244:         [
C:\Users\Lenovo\Desktop\polsl\sem_5\JA\Odbicie_1_wersja\JAAsm\Main.cpp(164,66): warning C4244:             T=int
C:\Users\Lenovo\Desktop\polsl\sem_5\JA\Odbicie_1_wersja\JAAsm\Main.cpp(164,66): warning C4244:         ]
C:\Users\Lenovo\Desktop\polsl\sem_5\JA\Odbicie_1_wersja\JAAsm\Main.cpp(164,66): warning C4244:         and
C:\Users\Lenovo\Desktop\polsl\sem_5\JA\Odbicie_1_wersja\JAAsm\Main.cpp(164,66): warning C4244:         [
C:\Users\Lenovo\Desktop\polsl\sem_5\JA\Odbicie_1_wersja\JAAsm\Main.cpp(164,66): warning C4244:             T=float
C:\Users\Lenovo\Desktop\polsl\sem_5\JA\Odbicie_1_wersja\JAAsm\Main.cpp(164,66): warning C4244:         ]
C:\Users\Lenovo\Desktop\polsl\sem_5\JA\Odbicie_1_wersja\JAAsm\Main.cpp(169,34): warning C4566: znak przedstawiony przez nazwę zawierającą znaki uniwersalne "\u017C" nie może być przedstawiony w bieżącej stronie kodowej (1251)
C:\Users\Lenovo\Desktop\polsl\sem_5\JA\Odbicie_1_wersja\JAAsm\Main.cpp(169,34): warning C4566: znak przedstawiony przez nazwę zawierającą znaki uniwersalne "\u0142" nie może być przedstawiony w bieżącej stronie kodowej (1251)
C:\Users\Lenovo\Desktop\polsl\sem_5\JA\Odbicie_1_wersja\JAAsm\Main.cpp(169,34): warning C4566: znak przedstawiony przez nazwę zawierającą znaki uniwersalne "\u0107" nie może być przedstawiony w bieżącej stronie kodowej (1251)
C:\Users\Lenovo\Desktop\polsl\sem_5\JA\Odbicie_1_wersja\JAAsm\Main.cpp(190,69): warning C4018: "<": niezgodność typu ze znakiem/bez znaku
  Trwa generowanie kodu
  33 of 360 functions ( 9.2%) were compiled, the rest were copied from previous compilation.
    32 functions were new in current compilation
    32 functions had inline decision re-evaluated but remain unchanged
  Zakończono generowanie kodu
  Main.vcxproj -> C:\Users\Lenovo\Desktop\polsl\sem_5\JA\Odbicie_1_wersja\x64\Release\Main.exe
